<?xml version="1.0" encoding="UTF-8"?>
<testng-results ignored="0" total="2" passed="2" failed="0" skipped="0">
  <reporter-output>
  </reporter-output>
  <suite started-at="2022-12-02T10:17:34 IST" name="Default suite" finished-at="2022-12-02T10:17:34 IST" duration-ms="65">
    <groups>
    </groups>
    <test started-at="2022-12-02T10:17:34 IST" name="Default test" finished-at="2022-12-02T10:17:34 IST" duration-ms="65">
      <class name="gitpractice.RestApi">
        <test-method signature="deleteTwitter()[pri:0, instance:gitpractice.RestApi@1ffe63b9]" started-at="2022-12-02T10:17:34 IST" name="deleteTwitter" finished-at="2022-12-02T10:17:34 IST" duration-ms="13" status="PASS">
          <reporter-output>
          </reporter-output>
        </test-method> <!-- deleteTwitter -->
        <test-method signature="postJira()[pri:0, instance:gitpractice.RestApi@1ffe63b9]" started-at="2022-12-02T10:17:34 IST" name="postJira" finished-at="2022-12-02T10:17:34 IST" duration-ms="1" status="PASS">
          <reporter-output>
          </reporter-output>
        </test-method> <!-- postJira -->
      </class> <!-- gitpractice.RestApi -->
    </test> <!-- Default test -->
  </suite> <!-- Default suite -->
</testng-results>
